<?xml version="1.0" encoding="UTF-8"?>
<!-- Generated by org.testng.reporters.JUnitReportReporter -->
<testsuite hostname="DESKTOP-O207API" failures="0" tests="3" name="interviewProgram.testNG" time="0.013" errors="0" timestamp="2022-07-05T15:31:08 IST" skipped="0">
  <testcase classname="interviewProgram.testNG" name="negativen" time="0.009"/>
  <system-out/>
  <testcase classname="interviewProgram.testNG" name="sumn" time="0.001"/>
  <system-out/>
  <testcase classname="interviewProgram.testNG" name="niszero" time="0.003"/>
  <system-out/>
</testsuite> <!-- interviewProgram.testNG -->
